<?xml version="1.0" encoding="UTF-8"?>
<testsuite name="cloud.thoughtspotstaging.champagne.controllers.TmlMarshalingTest" tests="1" skipped="0" failures="1" errors="0" timestamp="2021-08-20T05:31:42" hostname="hyd-srikanth.ja" time="89.792">
  <properties/>
  <testcase name="exportWorksheet" classname="cloud.thoughtspotstaging.champagne.controllers.TmlMarshalingTest" time="89.792">
    <failure message="org.junit.runners.model.TestTimedOutException: test timed out after 30 seconds" type="org.junit.runners.model.TestTimedOutException">org.junit.runners.model.TestTimedOutException: test timed out after 30 seconds
	at com.codex.modelsheet.model.EDoc$LogicalTableEDocProto.internalGetFieldAccessorTable(EDoc.java)
	at com.google.protobuf.GeneratedMessageV3.getField(GeneratedMessageV3.java:273)
	at com.google.protobuf.GeneratedMessageV3.getAllFieldsMutable(GeneratedMessageV3.java:199)
	at com.google.protobuf.GeneratedMessageV3.getAllFields(GeneratedMessageV3.java:238)
	at com.google.protobuf.TextFormat$Printer.printMessage(TextFormat.java:704)
	at com.google.protobuf.TextFormat$Printer.print(TextFormat.java:353)
	at com.google.protobuf.TextFormat$Printer.printFieldValue(TextFormat.java:597)
	at com.google.protobuf.TextFormat$Printer.printSingleField(TextFormat.java:743)
	at com.google.protobuf.TextFormat$Printer.printField(TextFormat.java:443)
	at com.google.protobuf.TextFormat$Printer.printMessage(TextFormat.java:705)
	at com.google.protobuf.TextFormat$Printer.print(TextFormat.java:353)
	at com.google.protobuf.TextFormat$Printer.print(TextFormat.java:339)
	at com.google.protobuf.TextFormat$Printer.printToString(TextFormat.java:606)
	at com.google.protobuf.AbstractMessage$Builder.toString(AbstractMessage.java:471)
	at cloud.thoughtspotstaging.champagne.controllers.TmlMarshalingTest.exportWorksheet(TmlMarshalingTest.java:110)
	at sun.reflect.NativeMethodAccessorImpl.invoke0(Native Method)
	at sun.reflect.NativeMethodAccessorImpl.invoke(NativeMethodAccessorImpl.java:62)
	at sun.reflect.DelegatingMethodAccessorImpl.invoke(DelegatingMethodAccessorImpl.java:43)
	at java.lang.reflect.Method.invoke(Method.java:498)
	at org.junit.runners.model.FrameworkMethod$1.runReflectiveCall(FrameworkMethod.java:59)
	at org.junit.internal.runners.model.ReflectiveCallable.run(ReflectiveCallable.java:12)
	at org.junit.runners.model.FrameworkMethod.invokeExplosively(FrameworkMethod.java:56)
	at org.junit.internal.runners.statements.InvokeMethod.evaluate(InvokeMethod.java:17)
	at org.junit.internal.runners.statements.RunBefores.evaluate(RunBefores.java:26)
	at org.junit.internal.runners.statements.FailOnTimeout$CallableStatement.call(FailOnTimeout.java:288)
	at org.junit.internal.runners.statements.FailOnTimeout$CallableStatement.call(FailOnTimeout.java:282)
	at java.util.concurrent.FutureTask.run(FutureTask.java:266)
	at java.lang.Thread.run(Thread.java:748)
</failure>
  </testcase>
  <system-out><![CDATA[http://172.19.153.245:8088/callosum/v1/tspublic/v1/session/v2/login
JHNoaXJvMSRTSEEtMjU2JDUwMDAwMCR1N3RoU2MxN2p0TlJwL1p5WThtR0tRPT0kcFAycUg4SGlNVldtWE1Ic252SlZzemFTZDNtWUpZNCs1ZytDL1U5S2NOTT0
http://172.19.153.245:8088/callosum/v1/metadata/edoc/TABLE/c1a32849-6e99-428e-abef-39f273b2cd95
Export Worksheet Response: guid: c1a32849-6e99-428e-abef-39f273b2cd95
table:
  name: PRODUCTCATEGORY
  db: SUPPLYCHAIN_MAIN
  schema: PUBLIC
  db_table: PRODUCTCATEGORY
  connection:
    name: SnowflakeConnection
  columns:
  - name: Product Category
    db_column_name: Product Category
    properties:
      column_type: ATTRIBUTE
      index_type: DONT_INDEX
    db_column_properties:
      data_type: VARCHAR
  - name: Product Group
    db_column_name: Product Group
    properties:
      column_type: ATTRIBUTE
      index_type: DONT_INDEX
    db_column_properties:
      data_type: VARCHAR
TML to Object: guid: "c1a32849-6e99-428e-abef-39f273b2cd95"
table {
  name: "PRODUCTCATEGORY"
  db: "SUPPLYCHAIN_MAIN"
  schema: "PUBLIC"
  db_table: "PRODUCTCATEGORY"
  connection {
    name: "SnowflakeConnection"
  }
  columns {
    name: "Product Category"
    db_column_name: "Product Category"
    properties {
      column_type: "ATTRIBUTE"
      index_type: "DONT_INDEX"
    }
    db_column_properties {
      data_type: "VARCHAR"
    }
  }
  columns {
    name: "Product Group"
    db_column_name: "Product Group"
    properties {
      column_type: "ATTRIBUTE"
      index_type: "DONT_INDEX"
    }
    db_column_properties {
      data_type: "VARCHAR"
    }
  }
}

]]></system-out>
  <system-err><![CDATA[]]></system-err>
</testsuite>
