<?xml version="1.0" encoding="UTF-8"?>
<testsuite name="cloud.thoughtspotstaging.champagne.controllers.TmlMarshalingTest" tests="1" skipped="0" failures="0" errors="0" timestamp="2021-08-20T06:44:42" hostname="hyd-sowjanya.go" time="19.296">
  <properties/>
  <testcase name="exportWorksheet" classname="cloud.thoughtspotstaging.champagne.controllers.TmlMarshalingTest" time="19.296"/>
  <system-out><![CDATA[http://172.19.153.245:8088/callosum/v1/tspublic/v1/session/v2/login
JHNoaXJvMSRTSEEtMjU2JDUwMDAwMCRQcXNNWmdINGVxNVdoRitybjNFNWV3PT0kT3U4UDVPUzRLSjVXTDBLNzlRRkZvK25HSlUrRVphTlpkdlJWOEl0WXFFaz0
http://172.19.153.245:8088/callosum/v1/metadata/edoc/TABLE/c1a32849-6e99-428e-abef-39f273b2cd95
Export Worksheet Response: guid: c1a32849-6e99-428e-abef-39f273b2cd95
table:
  name: PRODUCTCATEGORY
  db: SUPPLYCHAIN_MAIN
  schema: PUBLIC
  db_table: PRODUCTCATEGORY
  connection:
    name: SnowflakeConnection
  columns:
  - name: Product Category
    db_column_name: Product Category
    properties:
      column_type: ATTRIBUTE
      index_type: DONT_INDEX
    db_column_properties:
      data_type: VARCHAR
  - name: Product Group
    db_column_name: Product Group
    properties:
      column_type: ATTRIBUTE
      index_type: DONT_INDEX
    db_column_properties:
      data_type: VARCHAR
TML to Object: guid: "c1a32849-6e99-428e-abef-39f273b2cd95"
table {
  name: "PRODUCTCATEGORY"
  db: "SUPPLYCHAIN_MAIN"
  schema: "PUBLIC"
  db_table: "PRODUCTCATEGORY"
  connection {
    name: "SnowflakeConnection"
  }
  columns {
    name: "Product Category"
    db_column_name: "Product Category"
    properties {
      column_type: "ATTRIBUTE"
      index_type: "DONT_INDEX"
    }
    db_column_properties {
      data_type: "VARCHAR"
    }
  }
  columns {
    name: "Product Group"
    db_column_name: "Product Group"
    properties {
      column_type: "ATTRIBUTE"
      index_type: "DONT_INDEX"
    }
    db_column_properties {
      data_type: "VARCHAR"
    }
  }
}

Object to TML: guid: c1a32849-6e99-428e-abef-39f273b2cd95
table:
  name: PRODUCTCATEGORY
  db: SUPPLYCHAIN_MAIN
  schema: PUBLIC
  db_table: PRODUCTCATEGORY
  connection:
    name: SnowflakeConnection
  columns:
  - name: Product Category
    db_column_name: Product Category
    properties:
      column_type: ATTRIBUTE
      index_type: DONT_INDEX
    db_column_properties:
      data_type: VARCHAR
  - name: Product Group
    db_column_name: Product Group
    properties:
      column_type: ATTRIBUTE
      index_type: DONT_INDEX
    db_column_properties:
      data_type: VARCHAR

]]></system-out>
  <system-err><![CDATA[]]></system-err>
</testsuite>
